
 CHEMKIN INTERPRETER OUTPUT: CHEMKIN-II Version 3.1 Feb. 1993
                              DOUBLE PRECISION

                          --------------------
                          ELEMENTS     ATOMIC
                          CONSIDERED   WEIGHT
                          --------------------
                           1. O       15.9994    
                           2. H       1.00797    
                           3. C       12.0112    
                           4. N       14.0067    
                           5. AR      39.9480    
                          --------------------
 -------------------------------------------------------------------------------
                         C
                       P H
                       H A
                       A R
 SPECIES               S G MOLECULAR TEMPERATURE   ELEMENT COUNT
 CONSIDERED            E E WEIGHT    LOW    HIGH   O  H  C  N  AR 
 -------------------------------------------------------------------------------
   1. H                G 0   1.00797  200.0 3500.0  0  1  0  0  0
   2. H2               G 0   2.01594  200.0 3500.0  0  2  0  0  0
   3. O                G 0  15.99940  200.0 3500.0  1  0  0  0  0
   4. O2               G 0  31.99880  200.0 3500.0  2  0  0  0  0
   5. OH               G 0  17.00737  200.0 3500.0  1  1  0  0  0
   6. H2O              G 0  18.01534  200.0 3500.0  1  2  0  0  0
   7. HO2              G 0  33.00677  200.0 3500.0  2  1  0  0  0
   8. H2O2             G 0  34.01474  200.0 3500.0  2  2  0  0  0
   9. CH3              G 0  15.03506  200.0 3500.0  0  3  1  0  0
  10. CH4              G 0  16.04303  200.0 3500.0  0  4  1  0  0
  11. CO               G 0  28.01055  200.0 3500.0  1  0  1  0  0
  12. CO2              G 0  44.00995  200.0 3500.0  2  0  1  0  0
  13. HCO              G 0  29.01852  200.0 3500.0  1  1  1  0  0
  14. CH2O             G 0  30.02649  200.0 3500.0  1  2  1  0  0
  15. CH2OH            G 0  31.03446  200.0 3500.0  1  3  1  0  0
  16. CH3O             G 0  31.03446  300.0 3000.0  1  3  1  0  0
  17. CH3OH            G 0  32.04243  200.0 3500.0  1  4  1  0  0
  18. N2               G 0  28.01340  300.0 5000.0  0  0  0  2  0
  19. N                G 0  14.00670  200.0 6000.0  0  0  0  1  0
  20. NO               G 0  30.00610  200.0 6000.0  1  0  0  1  0
  21. N2O              G 0  44.01280  200.0 6000.0  1  0  0  2  0
  22. NH               G 0  15.01467  200.0 6000.0  0  1  0  1  0
  23. NCO              G 0  42.01725  200.0 6000.0  1  0  1  1  0
  24. CN               G 0  26.01785  200.0 6000.0  0  0  1  1  0
  25. CH               G 0  13.01912  200.0 3500.0  0  1  1  0  0
  26. CH2              G 0  14.02709  200.0 3500.0  0  2  1  0  0
  27. HCN              G 0  27.02582  200.0 6000.0  0  1  1  1  0
 -------------------------------------------------------------------------------



                                                      (k = A T**b exp(-E/RT))
      REACTIONS CONSIDERED                              A        b        E

   1. H+O2<=>O+OH                                   3.55E+15    -.4    16600.0
   2. O+H2<=>H+OH                                   5.08E+04    2.7     6290.0
   3. OH+H2<=>H+H2O                                 2.16E+08    1.5     3430.0
   4. O+H2O<=>2OH                                   2.97E+06    2.0    13400.0
   5. H2+M<=>2H+M                                   4.58E+19   -1.4   104000.0
         H2               Enhanced by    2.500E+00
         H2O              Enhanced by    1.200E+01
         CO               Enhanced by    1.900E+00
         CO2              Enhanced by    3.800E+00
   6. 2O+M<=>O2+M                                   6.16E+15    -.5         .0
         H2               Enhanced by    2.500E+00
         H2O              Enhanced by    1.200E+01
         CO               Enhanced by    1.900E+00
         CO2              Enhanced by    3.800E+00
   7. O+H+M<=>OH+M                                  4.71E+18   -1.0         .0
         H2               Enhanced by    2.500E+00
         H2O              Enhanced by    1.200E+01
         CO               Enhanced by    1.900E+00
         CO2              Enhanced by    3.800E+00
   8. H+OH+M<=>H2O+M                                3.80E+22   -2.0         .0
         H2               Enhanced by    2.500E+00
         H2O              Enhanced by    1.200E+01
         CO               Enhanced by    1.900E+00
         CO2              Enhanced by    3.800E+00
   9. H+O2(+M)<=>HO2(+M)                            1.48E+12     .6         .0
      Low pressure limit:   .63700E+21  -.17200E+01   .52500E+03
      TROE centering:       .80000E+00   .10000E-29   .10000E+31
         H2               Enhanced by    2.000E+00
         H2O              Enhanced by    1.100E+01
         CO               Enhanced by    1.900E+00
         CO2              Enhanced by    3.800E+00
         O2               Enhanced by    7.800E-01
      Declared duplicate reaction...
  10. H+O2(+M)<=>HO2(+M)                            1.48E+12     .6         .0
      Low pressure limit:   .90400E+20  -.15000E+01   .49200E+03
      TROE centering:       .50000E+00   .10000E-29   .10000E+31
         H2               Enhanced by    3.000E+00
         H2O              Enhanced by    1.600E+01
         CO               Enhanced by    2.700E+00
         CO2              Enhanced by    5.400E+00
         O2               Enhanced by    1.100E+00
      Declared duplicate reaction...
  11. H+HO2<=>O2+H2                                 1.66E+13     .0      823.0
  12. H+HO2<=>2OH                                   7.08E+13     .0      295.0
  13. O+HO2<=>OH+O2                                 3.25E+13     .0         .0
  14. OH+HO2<=>O2+H2O                               2.89E+13     .0     -497.0
  15. 2HO2<=>O2+H2O2                                1.30E+11     .0    -1630.0
      Declared duplicate reaction...
  16. 2HO2<=>O2+H2O2                                4.20E+14     .0    12000.0
      Declared duplicate reaction...
  17. H2O2(+M)<=>2OH(+M)                            2.95E+14     .0    48400.0
      Low pressure limit:   .12000E+18   .00000E+00   .45500E+05
      TROE centering:       .50000E+00   .10000E-29   .10000E+31
         H2               Enhanced by    2.500E+00
         H2O              Enhanced by    1.200E+01
         CO               Enhanced by    1.900E+00
         CO2              Enhanced by    3.800E+00
  18. H+H2O2<=>OH+H2O                               2.41E+13     .0     3970.0
  19. H+H2O2<=>HO2+H2                               4.82E+13     .0     7950.0
  20. O+H2O2<=>OH+HO2                               9.55E+06    2.0     3970.0
  21. OH+H2O2<=>HO2+H2O                             1.00E+12     .0         .0
      Declared duplicate reaction...
  22. OH+H2O2<=>HO2+H2O                             5.80E+14     .0     9560.0
      Declared duplicate reaction...
  23. O+CO(+M)<=>CO2(+M)                            1.80E+10     .0     2380.0
      Low pressure limit:   .15500E+25  -.27900E+01   .41900E+04
         H2               Enhanced by    2.500E+00
         H2O              Enhanced by    1.200E+01
         CO               Enhanced by    1.900E+00
         CO2              Enhanced by    3.800E+00
  24. O2+CO<=>O+CO2                                 2.53E+12     .0    47700.0
  25. HO2+CO<=>OH+CO2                               3.01E+13     .0    23000.0
  26. OH+CO<=>H+CO2                                 2.23E+05    1.9    -1160.0
  27. HCO+M<=>H+CO+M                                4.75E+11     .7    14900.0
         H2               Enhanced by    2.500E+00
         H2O              Enhanced by    6.000E+00
         CO               Enhanced by    1.900E+00
         CO2              Enhanced by    3.800E+00
  28. HCO+O2<=>HO2+CO                               7.58E+12     .0      410.0
  29. H+HCO<=>H2+CO                                 7.23E+13     .0         .0
  30. O+HCO<=>OH+CO                                 3.02E+13     .0         .0
  31. OH+HCO<=>H2O+CO                               3.02E+13     .0         .0
  32. O+HCO<=>H+CO2                                 3.00E+13     .0         .0
  33. HCO+HO2<=>CO2+OH+H                            3.00E+13     .0         .0
  34. HCO+HCO<=>H2+CO+CO                            3.00E+12     .0         .0
  35. CH3+HCO<=>CH4+CO                              1.20E+14     .0         .0
  36. HCO+HCO<=>CH2O+CO                             3.00E+13     .0         .0
  37. CH2O+M<=>HCO+H+M                              3.30E+39   -6.3    99900.0
         H2               Enhanced by    2.500E+00
         H2O              Enhanced by    1.200E+01
         CO               Enhanced by    1.900E+00
         CO2              Enhanced by    3.800E+00
  38. CH2O+M<=>CO+H2+M                              3.10E+45   -8.0    97500.0
         H2               Enhanced by    2.500E+00
         H2O              Enhanced by    1.200E+01
         CO               Enhanced by    1.900E+00
         CO2              Enhanced by    3.800E+00
  39. H+CH2O<=>HCO+H2                               5.74E+07    1.9     2750.0
  40. O+CH2O<=>OH+HCO                               1.81E+13     .0     3080.0
  41. OH+CH2O<=>HCO+H2O                             3.43E+09    1.2     -447.0
  42. O2+CH2O<=>HO2+HCO                             1.23E+06    3.0    52000.0
  43. HO2+CH2O<=>HCO+H2O2                           4.11E+04    2.5    10200.0
  44. CH3+CH2O<=>HCO+CH4                            3.64E-06    5.4      998.0
  45. O+CH3<=>H+CH2O                                8.43E+13     .0         .0
  46. CH3+O2<=>O+CH3O                               1.99E+18   -1.6    29200.0
  47. CH3+O2<=>OH+CH2O                              3.47E+11     .0    14600.0
  48. HO2+CH3<=>OH+CH3O                             2.41E+10     .8    -2330.0
  49. H+CH3(+M)<=>CH4(+M)                           1.27E+16    -.6      383.0
      Low pressure limit:   .24800E+34  -.47600E+01   .24400E+04
      TROE centering:       .78300E+00   .74000E+02   .29400E+04   .69600E+04
         H2               Enhanced by    2.000E+00
         H2O              Enhanced by    6.000E+00
         CH4              Enhanced by    2.000E+00
         CO               Enhanced by    1.500E+00
         CO2              Enhanced by    2.000E+00
  50. H+CH4<=>CH3+H2                                5.47E+07    2.0    11200.0
  51. O+CH4<=>OH+CH3                                3.15E+12     .5    10300.0
  52. OH+CH4<=>CH3+H2O                              5.72E+06    2.0     2640.0
  53. HO2+CH3<=>O2+CH4                              3.16E+12     .0         .0
  54. HO2+CH4<=>CH3+H2O2                            1.81E+11     .0    18600.0
  55. CH2OH+M<=>H+CH2O+M                            1.00E+14     .0    25100.0
         H2               Enhanced by    2.000E+00
         H2O              Enhanced by    6.000E+00
         CH4              Enhanced by    2.000E+00
         CO               Enhanced by    1.500E+00
         CO2              Enhanced by    2.000E+00
  56. H+CH2OH<=>H2+CH2O                             6.00E+12     .0         .0
  57. H+CH2OH<=>OH+CH3                              9.64E+13     .0         .0
  58. O+CH2OH<=>OH+CH2O                             4.20E+13     .0         .0
  59. OH+CH2OH<=>H2O+CH2O                           2.40E+13     .0         .0
  60. CH2OH+O2<=>HO2+CH2O                           2.41E+14     .0     5020.0
      Declared duplicate reaction...
  61. CH2OH+O2<=>HO2+CH2O                           1.51E+15   -1.0         .0
      Declared duplicate reaction...
  62. CH2OH+HO2<=>CH2O+H2O2                         1.20E+13     .0         .0
  63. CH2OH+HCO<=>CH3OH+CO                          1.00E+13     .0         .0
  64. CH2OH+CH2OH<=>CH3OH+CH2O                      3.00E+12     .0         .0
  65. CH2OH+CH3O<=>CH3OH+CH2O                       2.40E+13     .0         .0
  66. CH3O+M<=>H+CH2O+M                             8.30E+17   -1.2    15500.0
         H2               Enhanced by    2.000E+00
         H2O              Enhanced by    6.000E+00
         CH4              Enhanced by    2.000E+00
         CO               Enhanced by    1.500E+00
         CO2              Enhanced by    2.000E+00
  67. H+CH3O<=>OH+CH3                               3.20E+13     .0         .0
  68. O+CH3O<=>OH+CH2O                              6.00E+12     .0         .0
  69. OH+CH3O<=>H2O+CH2O                            1.80E+13     .0         .0
  70. CH3O+O2<=>HO2+CH2O                            9.03E+13     .0    12000.0
      Declared duplicate reaction...
  71. CH3O+O2<=>HO2+CH2O                            2.20E+10     .0     1750.0
      Declared duplicate reaction...
  72. CH3O+HO2<=>CH2O+H2O2                          3.00E+11     .0         .0
  73. CH3O+CO<=>CH3+CO2                             1.60E+13     .0    11800.0
  74. CH3O+HCO<=>CH3OH+CO                           9.00E+13     .0         .0
  75. CH3O+CH3O<=>CH3OH+CH2O                        6.00E+13     .0         .0
  76. OH+CH3(+M)<=>CH3OH(+M)                        2.79E+18   -1.4     1330.0
      Low pressure limit:   .40000E+37  -.59200E+01   .31400E+04
      TROE centering:       .41200E+00   .19500E+03   .59000E+04   .63900E+04
         H2               Enhanced by    2.000E+00
         H2O              Enhanced by    6.000E+00
         CH4              Enhanced by    2.000E+00
         CO               Enhanced by    1.500E+00
         CO2              Enhanced by    2.000E+00
  77. H+CH2OH(+M)<=>CH3OH(+M)                       1.06E+12     .5       86.0
      Low pressure limit:   .43600E+32  -.46500E+01   .50800E+04
      TROE centering:       .60000E+00   .10000E+03   .90000E+05   .10000E+05
         H2               Enhanced by    2.000E+00
         H2O              Enhanced by    6.000E+00
         CH4              Enhanced by    2.000E+00
         CO               Enhanced by    1.500E+00
         CO2              Enhanced by    2.000E+00
  78. H+CH3O(+M)<=>CH3OH(+M)                        2.43E+12     .5       50.0
      Low pressure limit:   .46600E+42  -.74400E+01   .14100E+05
      TROE centering:       .70000E+00   .10000E+03   .90000E+05   .10000E+05
         H2               Enhanced by    2.000E+00
         H2O              Enhanced by    6.000E+00
         CH4              Enhanced by    2.000E+00
         CO               Enhanced by    1.500E+00
         CO2              Enhanced by    2.000E+00
  79. H+CH3OH<=>CH2OH+H2                            3.20E+13     .0     6100.0
  80. H+CH3OH<=>CH3O+H2                             8.00E+12     .0     6100.0
  81. O+CH3OH<=>OH+CH2OH                            3.88E+05    2.5     3080.0
  82. OH+CH3OH<=>CH2OH+H2O                          7.10E+06    1.8     -596.0
  83. CH3OH+O2<=>CH2OH+HO2                          2.05E+13     .0    44900.0
  84. CH3OH+HCO<=>CH2OH+CH2O                        9.64E+03    2.9    13100.0
  85. CH3OH+HO2<=>CH2OH+H2O2                        3.98E+13     .0    19400.0
  86. CH3+CH3OH<=>CH2OH+CH4                         3.19E+01    3.2     7170.0
  87. CH3O+CH3OH<=>CH3OH+CH2OH                      3.00E+11     .0     4060.0
  88. N+NO<=>N2+O                                   2.70E+13     .0      355.0
  89. N+O2<=>NO+O                                   9.00E+09    1.0     6500.0
  90. N+OH<=>NO+H                                   3.36E+13     .0      385.0
  91. N2O+O<=>2NO                                   2.90E+13     .0    23150.0
  92. N2O(+M)<=>N2+O(+M)                            7.91E+10     .0    56020.0
      Low pressure limit:   .63700E+15   .00000E+00   .56640E+05
         H2               Enhanced by    2.000E+00
         H2O              Enhanced by    6.000E+00
         CH4              Enhanced by    2.000E+00
         CO               Enhanced by    1.500E+00
         CO2              Enhanced by    2.000E+00
  93. CH+N2<=>HCN+N                                 3.12E+09     .9    20130.0
  94. CH2+N2<=>HCN+NH                               1.00E+13     .0    74000.0
  95. HCN+O<=>NCO+H                                 2.03E+04    2.6     4980.0
  96. HCN+O<=>NH+CO                                 5.07E+03    2.6     4980.0
  97. HCN+O<=>CN+OH                                 3.91E+09    1.6    26600.0
  98. CH+NO<=>HCN+O                                 4.10E+13     .0         .0
  99. CH2+NO<=>OH+HCN                               2.90E+14    -.7      760.0
 100. CH3+NO<=>HCN+H2O                              9.60E+13     .0    28800.0
 101. CH3+N<=>HCN+H2                                3.70E+12     .1      -90.0
 102. CN+OH<=>NCO+H                                 4.00E+13     .0         .0
 103. CN+H2O<=>HCN+OH                               8.00E+12     .0     7460.0
 104. CN+O2<=>NCO+O                                 6.14E+12     .0     -440.0
 105. CN+H2<=>HCN+H                                 2.95E+05    2.5     2240.0
 106. NCO+O<=>NO+CO                                 2.35E+13     .0         .0
 107. NCO+H<=>NH+CO                                 5.40E+13     .0         .0
 108. NCO+OH<=>NO+H+CO                              2.50E+12     .0         .0
 109. NCO+N<=>N2+CO                                 2.00E+13     .0         .0
 110. NCO+O2<=>NO+CO2                               2.00E+12     .0    20000.0
 111. NCO+M<=>N+CO+M                                3.10E+14     .0    54050.0
         H2               Enhanced by    2.000E+00
         H2O              Enhanced by    6.000E+00
         CH4              Enhanced by    2.000E+00
         CO               Enhanced by    1.500E+00
         CO2              Enhanced by    2.000E+00
 112. NCO+NO<=>N2O+CO                               1.90E+17   -1.5      740.0
 113. NCO+NO<=>N2+CO2                               3.80E+18   -2.0      800.0
 114. NH+O<=>NO+H                                   4.00E+13     .0         .0
 115. NH+H<=>N+H2                                   3.20E+13     .0      330.0
 116. NH+OH<=>N+H2O                                 2.00E+09    1.2         .0
 117. NH+O2<=>NO+OH                                 1.28E+06    1.5      100.0
 118. NH+N<=>N2+H                                   1.50E+13     .0         .0
 119. NH+NO<=>N2+OH                                 2.16E+13    -.2         .0
 120. NH+NO<=>N2O+H                                 3.65E+14    -.5         .0

  NOTE:  A units mole-cm-sec-K, E units cal/mole



 NO ERRORS FOUND ON INPUT...CHEMKIN LINKING FILE WRITTEN.

 WORKING SPACE REQUIREMENTS ARE
    INTEGER:     2152
    REAL:        2064
    CHARACTER:     32
